
7월 19, 2022 09:19:36.941 NEW SESSION
7월 19, 2022 09:19:36.941 [15100:3108:0719/091936.940:ERROR:device_event_log_impl.cc(214)] [09:19:36.939] Bluetooth: bluetooth_adapter_winrt.cc:1074 Getting Default Adapter failed.
7월 19, 2022 09:20:15.532 [15192:7056:0719/092015.532:ERROR:device_event_log_impl.cc(214)] [09:20:15.532] Bluetooth: bluetooth_adapter_winrt.cc:1074 Getting Default Adapter failed.
7월 19, 2022 09:21:00.883 [1276:15160:0719/092100.883:ERROR:device_event_log_impl.cc(214)] [09:21:00.882] Bluetooth: bluetooth_adapter_winrt.cc:1074 Getting Default Adapter failed.
7월 19, 2022 09:21:58.864 [1276:8888:0719/092158.863:ERROR:util.cc(127)] Can't create base directory: C:\Program Files\Google\GoogleUpdater
7월 19, 2022 09:27:36.750 [1276:15160:0719/092736.750:ERROR:CONSOLE(1)] "Session is unregistering, can't dispatch pending call to DOM.getDocument", source: devtools://devtools/bundled/devtools-frontend/front_end/core/sdk/sdk.js (1)
7월 19, 2022 09:27:40.135 [1276:15160:0719/092740.135:ERROR:CONSOLE(1)] "Session is unregistering, can't dispatch pending call to DOM.getDocument", source: devtools://devtools/bundled/devtools-frontend/front_end/core/sdk/sdk.js (1)
7월 19, 2022 09:27:40.467 [1276:15160:0719/092740.467:ERROR:CONSOLE(1)] "Session is unregistering, can't dispatch pending call to DOM.getDocument", source: devtools://devtools/bundled/devtools-frontend/front_end/core/sdk/sdk.js (1)
7월 19, 2022 09:27:40.673 [1276:15160:0719/092740.673:ERROR:CONSOLE(1)] "Session is unregistering, can't dispatch pending call to DOM.getDocument", source: devtools://devtools/bundled/devtools-frontend/front_end/core/sdk/sdk.js (1)
7월 19, 2022 09:27:40.852 [1276:15160:0719/092740.852:ERROR:CONSOLE(1)] "Session is unregistering, can't dispatch pending call to DOM.getDocument", source: devtools://devtools/bundled/devtools-frontend/front_end/core/sdk/sdk.js (1)
7월 19, 2022 09:27:41.23 [1276:15160:0719/092741.023:ERROR:CONSOLE(1)] "Session is unregistering, can't dispatch pending call to DOM.getDocument", source: devtools://devtools/bundled/devtools-frontend/front_end/core/sdk/sdk.js (1)
7월 19, 2022 09:27:41.231 [1276:15160:0719/092741.231:ERROR:CONSOLE(1)] "Session is unregistering, can't dispatch pending call to DOM.getDocument", source: devtools://devtools/bundled/devtools-frontend/front_end/core/sdk/sdk.js (1)
7월 19, 2022 09:27:41.415 [1276:15160:0719/092741.415:ERROR:CONSOLE(1)] "Session is unregistering, can't dispatch pending call to DOM.getDocument", source: devtools://devtools/bundled/devtools-frontend/front_end/core/sdk/sdk.js (1)
7월 19, 2022 09:27:41.584 [1276:15160:0719/092741.584:ERROR:CONSOLE(1)] "Session is unregistering, can't dispatch pending call to DOM.getDocument", source: devtools://devtools/bundled/devtools-frontend/front_end/core/sdk/sdk.js (1)
7월 19, 2022 09:27:41.785 [1276:15160:0719/092741.785:ERROR:CONSOLE(1)] "Session is unregistering, can't dispatch pending call to DOM.getDocument", source: devtools://devtools/bundled/devtools-frontend/front_end/core/sdk/sdk.js (1)

7월 19, 2022 16:32:14.69 NEW SESSION
7월 19, 2022 16:32:14.69 [6912:992:0719/163214.068:ERROR:device_event_log_impl.cc(214)] [16:32:14.067] Bluetooth: bluetooth_adapter_winrt.cc:1074 Getting Default Adapter failed.
7월 19, 2022 16:33:12.06 [6912:12872:0719/163312.005:ERROR:util.cc(127)] Can't create base directory: C:\Program Files\Google\GoogleUpdater
7월 19, 2022 16:34:09.850 [2704:6804:0719/163409.850:ERROR:device_event_log_impl.cc(214)] [16:34:09.849] Bluetooth: bluetooth_adapter_winrt.cc:1074 Getting Default Adapter failed.
7월 19, 2022 16:35:07.796 [2704:8608:0719/163507.796:ERROR:util.cc(127)] Can't create base directory: C:\Program Files\Google\GoogleUpdater
7월 19, 2022 16:38:34.934 [14072:12948:0719/163834.934:ERROR:device_event_log_impl.cc(214)] [16:38:34.934] Bluetooth: bluetooth_adapter_winrt.cc:1074 Getting Default Adapter failed.
7월 19, 2022 16:39:12.190 [8104:13424:0719/163912.190:ERROR:device_event_log_impl.cc(214)] [16:39:12.189] Bluetooth: bluetooth_adapter_winrt.cc:1074 Getting Default Adapter failed.
7월 19, 2022 16:40:00.371 [9200:12412:0719/164000.370:ERROR:device_event_log_impl.cc(214)] [16:40:00.370] Bluetooth: bluetooth_adapter_winrt.cc:1074 Getting Default Adapter failed.
7월 19, 2022 16:40:58.282 [9200:12792:0719/164058.282:ERROR:util.cc(127)] Can't create base directory: C:\Program Files\Google\GoogleUpdater
7월 19, 2022 16:52:15.938 [11036:4456:0719/165215.938:ERROR:device_event_log_impl.cc(214)] [16:52:15.938] Bluetooth: bluetooth_adapter_winrt.cc:1074 Getting Default Adapter failed.
7월 19, 2022 16:53:15.82 [10548:13088:0719/165315.082:ERROR:device_event_log_impl.cc(214)] [16:53:15.082] Bluetooth: bluetooth_adapter_winrt.cc:1074 Getting Default Adapter failed.
7월 19, 2022 16:54:03.104 [8240:13532:0719/165403.104:ERROR:device_event_log_impl.cc(214)] [16:54:03.105] Bluetooth: bluetooth_adapter_winrt.cc:1074 Getting Default Adapter failed.
7월 19, 2022 16:55:00.203 [5284:3468:0719/165500.203:ERROR:device_event_log_impl.cc(214)] [16:55:00.203] Bluetooth: bluetooth_adapter_winrt.cc:1074 Getting Default Adapter failed.
7월 19, 2022 16:55:58.137 [5284:3540:0719/165558.137:ERROR:util.cc(127)] Can't create base directory: C:\Program Files\Google\GoogleUpdater
7월 19, 2022 17:19:43.370 [11568:9064:0719/171943.370:ERROR:device_event_log_impl.cc(214)] [17:19:43.370] Bluetooth: bluetooth_adapter_winrt.cc:1074 Getting Default Adapter failed.
7월 19, 2022 17:20:41.294 [11568:12928:0719/172041.293:ERROR:util.cc(127)] Can't create base directory: C:\Program Files\Google\GoogleUpdater

7월 19, 2022 20:02:47.455 NEW SESSION
7월 19, 2022 20:02:47.455 [11912:11296:0719/200247.454:ERROR:device_event_log_impl.cc(214)] [20:02:47.454] Bluetooth: bluetooth_adapter_winrt.cc:1074 Getting Default Adapter failed.
7월 19, 2022 20:03:45.378 [11912:288:0719/200345.377:ERROR:util.cc(127)] Can't create base directory: C:\Program Files\Google\GoogleUpdater

7월 20, 2022 12:59:21.606 NEW SESSION
7월 20, 2022 12:59:21.606 [8080:7364:0720/125921.605:ERROR:device_event_log_impl.cc(214)] [12:59:21.605] Bluetooth: bluetooth_adapter_winrt.cc:1074 Getting Default Adapter failed.
7월 20, 2022 13:00:19.624 [8080:816:0720/130019.623:ERROR:util.cc(127)] Can't create base directory: C:\Program Files\Google\GoogleUpdater
7월 20, 2022 13:07:47.335 [8080:7364:0720/130747.335:ERROR:interface_endpoint_client.cc(665)] Message 0 rejected by interface blink.mojom.WidgetHost
7월 20, 2022 13:07:47.336 [8080:7364:0720/130747.335:ERROR:interface_endpoint_client.cc(665)] Message 1 rejected by interface blink.mojom.WidgetHost

7월 20, 2022 16:48:01.695 NEW SESSION
7월 20, 2022 16:48:01.695 [7452:5800:0720/164801.694:ERROR:device_event_log_impl.cc(214)] [16:48:01.694] Bluetooth: bluetooth_adapter_winrt.cc:1074 Getting Default Adapter failed.
7월 20, 2022 16:48:59.647 [7452:12000:0720/164859.647:ERROR:util.cc(127)] Can't create base directory: C:\Program Files\Google\GoogleUpdater
7월 20, 2022 16:49:34.824 [8024:8396:0720/164934.824:ERROR:device_event_log_impl.cc(214)] [16:49:34.824] Bluetooth: bluetooth_adapter_winrt.cc:1074 Getting Default Adapter failed.

7월 20, 2022 19:42:11.356 NEW SESSION
7월 20, 2022 19:42:11.356 [3692:3424:0720/194211.355:ERROR:device_event_log_impl.cc(214)] [19:42:11.355] Bluetooth: bluetooth_adapter_winrt.cc:1074 Getting Default Adapter failed.
7월 20, 2022 19:43:09.205 [3692:10688:0720/194309.205:ERROR:util.cc(127)] Can't create base directory: C:\Program Files\Google\GoogleUpdater
7월 20, 2022 19:43:55.113 [12712:2972:0720/194355.112:ERROR:device_event_log_impl.cc(214)] [19:43:55.112] Bluetooth: bluetooth_adapter_winrt.cc:1074 Getting Default Adapter failed.
7월 20, 2022 19:44:53.64 [12712:10668:0720/194453.063:ERROR:util.cc(127)] Can't create base directory: C:\Program Files\Google\GoogleUpdater
7월 20, 2022 19:51:35.881 [12712:2972:0720/195135.881:ERROR:CONSOLE(1)] "Session is unregistering, can't dispatch pending call to DOM.getDocument", source: devtools://devtools/bundled/devtools-frontend/front_end/core/sdk/sdk.js (1)
7월 20, 2022 19:52:09.725 [12712:2972:0720/195209.725:ERROR:CONSOLE(1)] "Session is unregistering, can't dispatch pending call to DOM.getDocument", source: devtools://devtools/bundled/devtools-frontend/front_end/core/sdk/sdk.js (1)
7월 20, 2022 19:52:10.200 [12712:2972:0720/195210.199:ERROR:CONSOLE(1)] "Session is unregistering, can't dispatch pending call to DOM.getDocument", source: devtools://devtools/bundled/devtools-frontend/front_end/core/sdk/sdk.js (1)
7월 20, 2022 19:52:10.459 [12712:2972:0720/195210.459:ERROR:CONSOLE(1)] "Session is unregistering, can't dispatch pending call to DOM.getDocument", source: devtools://devtools/bundled/devtools-frontend/front_end/core/sdk/sdk.js (1)

7월 20, 2022 20:25:18.687 NEW SESSION
7월 20, 2022 20:25:18.687 [14072:12856:0720/202518.686:ERROR:device_event_log_impl.cc(214)] [20:25:18.687] Bluetooth: bluetooth_adapter_winrt.cc:1074 Getting Default Adapter failed.
7월 20, 2022 20:25:56.817 [14060:6248:0720/202556.817:ERROR:device_event_log_impl.cc(214)] [20:25:56.816] Bluetooth: bluetooth_adapter_winrt.cc:1074 Getting Default Adapter failed.
7월 20, 2022 20:27:52.443 [8620:2600:0720/202752.443:ERROR:device_event_log_impl.cc(214)] [20:27:52.443] Bluetooth: bluetooth_adapter_winrt.cc:1074 Getting Default Adapter failed.
7월 20, 2022 20:28:50.356 [8620:4488:0720/202850.355:ERROR:util.cc(127)] Can't create base directory: C:\Program Files\Google\GoogleUpdater

7월 20, 2022 21:05:14.689 NEW SESSION
7월 20, 2022 21:05:14.689 [6328:11696:0720/210514.688:ERROR:device_event_log_impl.cc(214)] [21:05:14.689] Bluetooth: bluetooth_adapter_winrt.cc:1074 Getting Default Adapter failed.

7월 20, 2022 21:14:35.61 NEW SESSION
7월 20, 2022 21:14:35.62 [13920:11268:0720/211435.060:ERROR:device_event_log_impl.cc(214)] [21:14:35.059] Bluetooth: bluetooth_adapter_winrt.cc:1074 Getting Default Adapter failed.

7월 20, 2022 21:31:23.966 NEW SESSION
7월 20, 2022 21:31:23.966 [8396:808:0720/213123.965:ERROR:device_event_log_impl.cc(214)] [21:31:23.965] Bluetooth: bluetooth_adapter_winrt.cc:1074 Getting Default Adapter failed.

7월 21, 2022 09:19:02.302 NEW SESSION
7월 21, 2022 09:19:02.302 [6828:832:0721/091902.301:ERROR:device_event_log_impl.cc(214)] [09:19:02.301] Bluetooth: bluetooth_adapter_winrt.cc:1074 Getting Default Adapter failed.
7월 21, 2022 09:20:00.295 [6828:7024:0721/092000.294:ERROR:util.cc(127)] Can't create base directory: C:\Program Files\Google\GoogleUpdater

7월 22, 2022 16:17:10.813 NEW SESSION
7월 22, 2022 16:17:10.813 [10068:6640:0722/161710.812:ERROR:device_event_log_impl.cc(214)] [16:17:10.812] Bluetooth: bluetooth_adapter_winrt.cc:1074 Getting Default Adapter failed.
7월 22, 2022 16:18:08.813 [10068:8252:0722/161808.812:ERROR:util.cc(127)] Can't create base directory: C:\Program Files\Google\GoogleUpdater

7월 22, 2022 19:39:55.916 NEW SESSION
7월 22, 2022 19:39:55.916 [1584:11384:0722/193955.915:ERROR:device_event_log_impl.cc(214)] [19:39:55.915] Bluetooth: bluetooth_adapter_winrt.cc:1074 Getting Default Adapter failed.

7월 22, 2022 19:51:11.361 NEW SESSION
7월 22, 2022 19:51:11.361 [3492:8088:0722/195111.359:ERROR:device_event_log_impl.cc(214)] [19:51:11.359] Bluetooth: bluetooth_adapter_winrt.cc:1074 Getting Default Adapter failed.
7월 22, 2022 19:51:15.430 [3492:8088:0722/195115.430:ERROR:CONSOLE(1)] "Session is unregistering, can't dispatch pending call to DOM.getDocument", source: devtools://devtools/bundled/devtools-frontend/front_end/core/sdk/sdk.js (1)

7월 22, 2022 19:52:43.03 NEW SESSION
7월 22, 2022 19:52:43.03 [8156:4388:0722/195243.002:ERROR:device_event_log_impl.cc(214)] [19:52:43.002] Bluetooth: bluetooth_adapter_winrt.cc:1074 Getting Default Adapter failed.
7월 22, 2022 19:53:40.933 [8156:13672:0722/195340.933:ERROR:util.cc(127)] Can't create base directory: C:\Program Files\Google\GoogleUpdater

7월 22, 2022 19:55:59.303 NEW SESSION
7월 22, 2022 19:55:59.303 [14936:9496:0722/195559.302:ERROR:device_event_log_impl.cc(214)] [19:55:59.303] Bluetooth: bluetooth_adapter_winrt.cc:1074 Getting Default Adapter failed.
7월 22, 2022 19:56:57.243 [14936:2060:0722/195657.243:ERROR:util.cc(127)] Can't create base directory: C:\Program Files\Google\GoogleUpdater
7월 22, 2022 19:58:36.394 [14936:9496:0722/195836.394:ERROR:CONSOLE(1)] "Session is unregistering, can't dispatch pending call to DOM.getDocument", source: devtools://devtools/bundled/devtools-frontend/front_end/core/sdk/sdk.js (1)
7월 22, 2022 19:58:39.80 [14936:9496:0722/195839.080:ERROR:CONSOLE(1)] "Session is unregistering, can't dispatch pending call to DOM.getDocument", source: devtools://devtools/bundled/devtools-frontend/front_end/core/sdk/sdk.js (1)

7월 22, 2022 20:03:57.203 NEW SESSION
7월 22, 2022 20:03:57.203 [9068:9356:0722/200357.202:ERROR:device_event_log_impl.cc(214)] [20:03:57.203] Bluetooth: bluetooth_adapter_winrt.cc:1074 Getting Default Adapter failed.

7월 22, 2022 20:06:18.246 NEW SESSION
7월 22, 2022 20:06:18.246 [3080:15340:0722/200618.245:ERROR:device_event_log_impl.cc(214)] [20:06:18.245] Bluetooth: bluetooth_adapter_winrt.cc:1074 Getting Default Adapter failed.

7월 22, 2022 20:08:13.557 NEW SESSION
7월 22, 2022 20:08:13.557 [4016:4576:0722/200813.556:ERROR:device_event_log_impl.cc(214)] [20:08:13.556] Bluetooth: bluetooth_adapter_winrt.cc:1074 Getting Default Adapter failed.
